<!DOCTYPE html>

<html>
  <head>
  <title>TestNG reports</title>

    <link type="text/css" href="testng-reports.css" rel="stylesheet" />  
    <script type="text/javascript" src="jquery-1.7.1.min.js"></script>
    <script type="text/javascript" src="testng-reports.js"></script>
    <script type="text/javascript" src="https://www.google.com/jsapi"></script>
    <script type='text/javascript'>
      google.load('visualization', '1', {packages:['table']});
      google.setOnLoadCallback(drawTable);
      var suiteTableInitFunctions = new Array();
      var suiteTableData = new Array();
    </script>
    <!--
      <script type="text/javascript" src="jquery-ui/js/jquery-ui-1.8.16.custom.min.js"></script>
     -->
  </head>

  <body>
    <div class="top-banner-root">
      <span class="top-banner-title-font">Test results</span>
      <br/>
      <span class="top-banner-font-1">1 suite, 7 failed tests</span>
    </div> <!-- top-banner-root -->
    <div class="navigator-root">
      <div class="navigator-suite-header">
        <span>All suites</span>
        <a href="#" class="collapse-all-link" title="Collapse/expand all the suites">
          <img class="collapse-all-icon" src="collapseall.gif">
          </img> <!-- collapse-all-icon -->
        </a> <!-- collapse-all-link -->
      </div> <!-- navigator-suite-header -->
      <div class="suite">
        <div class="rounded-window">
          <div class="suite-header light-rounded-window-top">
            <a href="#" class="navigator-link" panel-name="suite-EndToEndTestingWithXmlDataDriven">
              <span class="suite-name border-failed">EndToEndTestingWithXmlDataDriven</span>
            </a> <!-- navigator-link -->
          </div> <!-- suite-header light-rounded-window-top -->
          <div class="navigator-suite-content">
            <div class="suite-section-title">
              <span>Info</span>
            </div> <!-- suite-section-title -->
            <div class="suite-section-content">
              <ul>
                <li>
                  <a href="#" class="navigator-link " panel-name="test-xml-EndToEndTestingWithXmlDataDriven">
                    <span>C:\Users\HP USER\Desktop\javaWorkspace\endToEndXml\src\EndtoEnd.xml</span>
                  </a> <!-- navigator-link  -->
                </li>
                <li>
                  <a href="#" class="navigator-link " panel-name="testlist-EndToEndTestingWithXmlDataDriven">
                    <span class="test-stats">2 tests</span>
                  </a> <!-- navigator-link  -->
                </li>
                <li>
                  <a href="#" class="navigator-link " panel-name="group-EndToEndTestingWithXmlDataDriven">
                    <span>0 groups</span>
                  </a> <!-- navigator-link  -->
                </li>
                <li>
                  <a href="#" class="navigator-link " panel-name="times-EndToEndTestingWithXmlDataDriven">
                    <span>Times</span>
                  </a> <!-- navigator-link  -->
                </li>
                <li>
                  <a href="#" class="navigator-link " panel-name="reporter-EndToEndTestingWithXmlDataDriven">
                    <span>Reporter output</span>
                  </a> <!-- navigator-link  -->
                </li>
                <li>
                  <a href="#" class="navigator-link " panel-name="ignored-methods-EndToEndTestingWithXmlDataDriven">
                    <span>Ignored methods</span>
                  </a> <!-- navigator-link  -->
                </li>
                <li>
                  <a href="#" class="navigator-link " panel-name="chronological-EndToEndTestingWithXmlDataDriven">
                    <span>Chronological view</span>
                  </a> <!-- navigator-link  -->
                </li>
              </ul>
            </div> <!-- suite-section-content -->
            <div class="result-section">
              <div class="suite-section-title">
                <span>Results</span>
              </div> <!-- suite-section-title -->
              <div class="suite-section-content">
                <ul>
                  <li>
                    <span class="method-stats">10 methods, 7 failed,   3 passed</span>
                  </li>
                  <li>
                    <span class="method-list-title failed">Failed methods</span>
                    <span class="show-or-hide-methods failed">
                      <a href="#" panel-name="suite-EndToEndTestingWithXmlDataDriven" class="hide-methods failed suite-EndToEndTestingWithXmlDataDriven"> (hide)</a> <!-- hide-methods failed suite-EndToEndTestingWithXmlDataDriven -->
                      <a href="#" panel-name="suite-EndToEndTestingWithXmlDataDriven" class="show-methods failed suite-EndToEndTestingWithXmlDataDriven"> (show)</a> <!-- show-methods failed suite-EndToEndTestingWithXmlDataDriven -->
                    </span>
                    <div class="method-list-content failed suite-EndToEndTestingWithXmlDataDriven">
                      <span>
                        <img width="3%" src="failed.png"/>
                        <a href="#" class="method navigator-link" panel-name="suite-EndToEndTestingWithXmlDataDriven" title="sauceDemoTestNgTest.EndToEndTesting" hash-for-method="testCartPage(https://www.saucedemo.com/checkout-step-one.html)">testCartPage(https://www.saucedemo.com/checkout-step-one.html)</a> <!-- method navigator-link -->
                      </span>
                      <br/>
                      <span>
                        <img width="3%" src="failed.png"/>
                        <a href="#" class="method navigator-link" panel-name="suite-EndToEndTestingWithXmlDataDriven" title="sauceDemoTestNgTest.EndToEndTesting" hash-for-method="testCheckOutStepOne(Faisal, Islam, 22204, https://www.saucedemo.com/checkout-step-two.html)">testCheckOutStepOne(Faisal, Islam, 22204, https://www.saucedemo.com/checkout-step-two.html)</a> <!-- method navigator-link -->
                      </span>
                      <br/>
                      <span>
                        <img width="3%" src="failed.png"/>
                        <a href="#" class="method navigator-link" panel-name="suite-EndToEndTestingWithXmlDataDriven" title="sauceDemoTestNgTest.EndToEndTesting" hash-for-method="testCheckOutStepOne(Faisal, Islam, 22204, https://www.saucedemo.com/checkout-step-two.html)">testCheckOutStepOne(Faisal, Islam, 22204, https://www.saucedemo.com/checkout-step-two.html)</a> <!-- method navigator-link -->
                      </span>
                      <br/>
                      <span>
                        <img width="3%" src="failed.png"/>
                        <a href="#" class="method navigator-link" panel-name="suite-EndToEndTestingWithXmlDataDriven" title="sauceDemoTestNgTest.EndToEndTesting" hash-for-method="testCheckOutStepTwo(https://www.saucedemo.com/checkout-complete.html)">testCheckOutStepTwo(https://www.saucedemo.com/checkout-complete.html)</a> <!-- method navigator-link -->
                      </span>
                      <br/>
                      <span>
                        <img width="3%" src="failed.png"/>
                        <a href="#" class="method navigator-link" panel-name="suite-EndToEndTestingWithXmlDataDriven" title="sauceDemoTestNgTest.EndToEndTesting" hash-for-method="testCheckOutStepTwo(https://www.saucedemo.com/checkout-complete.html)">testCheckOutStepTwo(https://www.saucedemo.com/checkout-complete.html)</a> <!-- method navigator-link -->
                      </span>
                      <br/>
                      <span>
                        <img width="3%" src="failed.png"/>
                        <a href="#" class="method navigator-link" panel-name="suite-EndToEndTestingWithXmlDataDriven" title="sauceDemoTestNgTest.EndToEndTesting" hash-for-method="testInventory(Sauce Labs Backpack)">testInventory(Sauce Labs Backpack)</a> <!-- method navigator-link -->
                      </span>
                      <br/>
                      <span>
                        <img width="3%" src="failed.png"/>
                        <a href="#" class="method navigator-link" panel-name="suite-EndToEndTestingWithXmlDataDriven" title="sauceDemoTestNgTest.EndToEndTesting" hash-for-method="testLogin(problem_user, secret_sauce, https://www.saucedemo.com/inventory.html)">testLogin(problem_user, secret_sauce, https://www.saucedemo.com/inventory.html)</a> <!-- method navigator-link -->
                      </span>
                      <br/>
                    </div> <!-- method-list-content failed suite-EndToEndTestingWithXmlDataDriven -->
                  </li>
                  <li>
                    <span class="method-list-title passed">Passed methods</span>
                    <span class="show-or-hide-methods passed">
                      <a href="#" panel-name="suite-EndToEndTestingWithXmlDataDriven" class="hide-methods passed suite-EndToEndTestingWithXmlDataDriven"> (hide)</a> <!-- hide-methods passed suite-EndToEndTestingWithXmlDataDriven -->
                      <a href="#" panel-name="suite-EndToEndTestingWithXmlDataDriven" class="show-methods passed suite-EndToEndTestingWithXmlDataDriven"> (show)</a> <!-- show-methods passed suite-EndToEndTestingWithXmlDataDriven -->
                    </span>
                    <div class="method-list-content passed suite-EndToEndTestingWithXmlDataDriven">
                      <span>
                        <img width="3%" src="passed.png"/>
                        <a href="#" class="method navigator-link" panel-name="suite-EndToEndTestingWithXmlDataDriven" title="sauceDemoTestNgTest.EndToEndTesting" hash-for-method="testCartPage(https://www.saucedemo.com/checkout-step-one.html)">testCartPage(https://www.saucedemo.com/checkout-step-one.html)</a> <!-- method navigator-link -->
                      </span>
                      <br/>
                      <span>
                        <img width="3%" src="passed.png"/>
                        <a href="#" class="method navigator-link" panel-name="suite-EndToEndTestingWithXmlDataDriven" title="sauceDemoTestNgTest.EndToEndTesting" hash-for-method="testInventory(Sauce Labs Backpack)">testInventory(Sauce Labs Backpack)</a> <!-- method navigator-link -->
                      </span>
                      <br/>
                      <span>
                        <img width="3%" src="passed.png"/>
                        <a href="#" class="method navigator-link" panel-name="suite-EndToEndTestingWithXmlDataDriven" title="sauceDemoTestNgTest.EndToEndTesting" hash-for-method="testLogin(standard_user, secret_sauce, https://www.saucedemo.com/inventory.html)">testLogin(standard_user, secret_sauce, https://www.saucedemo.com/inventory.html)</a> <!-- method navigator-link -->
                      </span>
                      <br/>
                    </div> <!-- method-list-content passed suite-EndToEndTestingWithXmlDataDriven -->
                  </li>
                </ul>
              </div> <!-- suite-section-content -->
            </div> <!-- result-section -->
          </div> <!-- navigator-suite-content -->
        </div> <!-- rounded-window -->
      </div> <!-- suite -->
    </div> <!-- navigator-root -->
    <div class="wrapper">
      <div class="main-panel-root">
        <div panel-name="suite-EndToEndTestingWithXmlDataDriven" class="panel EndToEndTestingWithXmlDataDriven">
          <div class="suite-EndToEndTestingWithXmlDataDriven-class-failed">
            <div class="main-panel-header rounded-window-top">
              <img src="failed.png"/>
              <span class="class-name">sauceDemoTestNgTest.EndToEndTesting</span>
            </div> <!-- main-panel-header rounded-window-top -->
            <div class="main-panel-content rounded-window-bottom">
              <div class="method">
                <div class="method-content">
                  <a name="testCartPage(https://www.saucedemo.com/checkout-step-one.html)">
                  </a> <!-- testCartPage(https://www.saucedemo.com/checkout-step-one.html) -->
                  <span class="method-name">testCartPage</span>
                  <span class="parameters">(https://www.saucedemo.com/checkout-step-one.html)</span>
                  <div class="stack-trace">org.openqa.selenium.NoSuchWindowException: no such window: target window already closed
from unknown error: web view not found
  (Session info: chrome=111.0.5563.65)
  (Driver info: chromedriver=110.0.5481.77 (65ed616c6e8ee3fe0ad64fe83796c020644d42af-refs/branch-heads/5481@{#839}),platform=Windows NT 10.0.19044 x86_64) (WARNING: The server did not provide any stacktrace information)
Command duration or timeout: 16 milliseconds
Build info: version: &apos;2.53.0&apos;, revision: &apos;35ae25b&apos;, time: &apos;2016-03-15 17:00:58&apos;
System info: host: &apos;DESKTOP-U76KVEG&apos;, ip: &apos;192.168.200.119&apos;, os.name: &apos;Windows 10&apos;, os.arch: &apos;amd64&apos;, os.version: &apos;10.0&apos;, java.version: &apos;1.8.0_301&apos;
Driver info: org.openqa.selenium.chrome.ChromeDriver
Capabilities [{mobileEmulationEnabled=false, timeouts={implicit=0, pageLoad=300000, script=30000}, hasTouchScreen=false, platform=XP, acceptSslCerts=false, goog:chromeOptions={debuggerAddress=localhost:57691}, webauthn:extension:credBlob=true, acceptInsecureCerts=false, webStorageEnabled=true, browserName=chrome, takesScreenshot=true, javascriptEnabled=true, setWindowRect=true, webauthn:extension:largeBlob=true, unexpectedAlertBehaviour=ignore, rotatable=false, networkConnectionEnabled=false, chrome={chromedriverVersion=110.0.5481.77 (65ed616c6e8ee3fe0ad64fe83796c020644d42af-refs/branch-heads/5481@{#839}), userDataDir=C:\Users\HPUSER~1\AppData\Local\Temp\scoped_dir17272_1957573002}, takesHeapSnapshot=true, pageLoadStrategy=normal, strictFileInteractability=false, databaseEnabled=false, handlesAlerts=true, version=111.0.5563.65, browserConnectionEnabled=false, proxy={}, nativeEvents=true, locationContextEnabled=true, cssSelectorsEnabled=true, webauthn:virtualAuthenticators=true}]
Session ID: 3c8a7bc542efeb4b136ec811f9ca1bfb
*** Element info: {Using=id, value=checkout}
	at org.openqa.selenium.remote.ErrorHandler.createThrowable(ErrorHandler.java:206)
	at org.openqa.selenium.remote.ErrorHandler.throwIfResponseFailed(ErrorHandler.java:158)
	at org.openqa.selenium.remote.RemoteWebDriver.execute(RemoteWebDriver.java:678)
	at org.openqa.selenium.remote.RemoteWebDriver.findElement(RemoteWebDriver.java:363)
	at org.openqa.selenium.remote.RemoteWebDriver.findElementById(RemoteWebDriver.java:413)
	at org.openqa.selenium.By$ById.findElement(By.java:218)
	at org.openqa.selenium.remote.RemoteWebDriver.findElement(RemoteWebDriver.java:355)
	at sauceDemoElementsNG.CartPage.findCheckOutButton(CartPage.java:16)
	at sauceDemoTestNgTest.EndToEndTesting.testCartPage(EndToEndTesting.java:78)
... Removed 28 stack frames
</div> <!-- stack-trace -->
                </div> <!-- method-content -->
              </div> <!-- method -->
              <div class="method">
                <div class="method-content">
                  <a name="testCheckOutStepOne(Faisal, Islam, 22204, https://www.saucedemo.com/checkout-step-two.html)">
                  </a> <!-- testCheckOutStepOne(Faisal, Islam, 22204, https://www.saucedemo.com/checkout-step-two.html) -->
                  <span class="method-name">testCheckOutStepOne</span>
                  <span class="parameters">(Faisal, Islam, 22204, https://www.saucedemo.com/checkout-step-two.html)</span>
                  <div class="stack-trace">org.openqa.selenium.NoSuchWindowException: no such window: target window already closed
from unknown error: web view not found
  (Session info: chrome=111.0.5563.65)
  (Driver info: chromedriver=110.0.5481.77 (65ed616c6e8ee3fe0ad64fe83796c020644d42af-refs/branch-heads/5481@{#839}),platform=Windows NT 10.0.19044 x86_64) (WARNING: The server did not provide any stacktrace information)
Command duration or timeout: 25 milliseconds
Build info: version: &apos;2.53.0&apos;, revision: &apos;35ae25b&apos;, time: &apos;2016-03-15 17:00:58&apos;
System info: host: &apos;DESKTOP-U76KVEG&apos;, ip: &apos;192.168.200.119&apos;, os.name: &apos;Windows 10&apos;, os.arch: &apos;amd64&apos;, os.version: &apos;10.0&apos;, java.version: &apos;1.8.0_301&apos;
Driver info: org.openqa.selenium.chrome.ChromeDriver
Capabilities [{mobileEmulationEnabled=false, timeouts={implicit=0, pageLoad=300000, script=30000}, hasTouchScreen=false, platform=XP, acceptSslCerts=false, goog:chromeOptions={debuggerAddress=localhost:57670}, webauthn:extension:credBlob=true, acceptInsecureCerts=false, webStorageEnabled=true, browserName=chrome, takesScreenshot=true, javascriptEnabled=true, setWindowRect=true, webauthn:extension:largeBlob=true, unexpectedAlertBehaviour=ignore, rotatable=false, networkConnectionEnabled=false, chrome={chromedriverVersion=110.0.5481.77 (65ed616c6e8ee3fe0ad64fe83796c020644d42af-refs/branch-heads/5481@{#839}), userDataDir=C:\Users\HPUSER~1\AppData\Local\Temp\scoped_dir5360_38845082}, takesHeapSnapshot=true, pageLoadStrategy=normal, strictFileInteractability=false, databaseEnabled=false, handlesAlerts=true, version=111.0.5563.65, browserConnectionEnabled=false, proxy={}, nativeEvents=true, locationContextEnabled=true, cssSelectorsEnabled=true, webauthn:virtualAuthenticators=true}]
Session ID: 36bbd99560b297eb5aaad7f119654bce
*** Element info: {Using=id, value=continue}
	at org.openqa.selenium.remote.ErrorHandler.createThrowable(ErrorHandler.java:206)
	at org.openqa.selenium.remote.ErrorHandler.throwIfResponseFailed(ErrorHandler.java:158)
	at org.openqa.selenium.remote.RemoteWebDriver.execute(RemoteWebDriver.java:678)
	at org.openqa.selenium.remote.RemoteWebDriver.findElement(RemoteWebDriver.java:363)
	at org.openqa.selenium.remote.RemoteWebDriver.findElementById(RemoteWebDriver.java:413)
	at org.openqa.selenium.By$ById.findElement(By.java:218)
	at org.openqa.selenium.remote.RemoteWebDriver.findElement(RemoteWebDriver.java:355)
	at sauceDemoElementsNG.CheckOutElementStepOne.findContinueButton(CheckOutElementStepOne.java:34)
	at sauceDemoTestNgTest.EndToEndTesting.testCheckOutStepOne(EndToEndTesting.java:95)
... Removed 28 stack frames
</div> <!-- stack-trace -->
                </div> <!-- method-content -->
              </div> <!-- method -->
              <div class="method">
                <div class="method-content">
                  <a name="testCheckOutStepOne(Faisal, Islam, 22204, https://www.saucedemo.com/checkout-step-two.html)">
                  </a> <!-- testCheckOutStepOne(Faisal, Islam, 22204, https://www.saucedemo.com/checkout-step-two.html) -->
                  <span class="method-name">testCheckOutStepOne</span>
                  <span class="parameters">(Faisal, Islam, 22204, https://www.saucedemo.com/checkout-step-two.html)</span>
                  <div class="stack-trace">org.openqa.selenium.NoSuchWindowException: no such window: target window already closed
from unknown error: web view not found
  (Session info: chrome=111.0.5563.65)
  (Driver info: chromedriver=110.0.5481.77 (65ed616c6e8ee3fe0ad64fe83796c020644d42af-refs/branch-heads/5481@{#839}),platform=Windows NT 10.0.19044 x86_64) (WARNING: The server did not provide any stacktrace information)
Command duration or timeout: 31 milliseconds
Build info: version: &apos;2.53.0&apos;, revision: &apos;35ae25b&apos;, time: &apos;2016-03-15 17:00:58&apos;
System info: host: &apos;DESKTOP-U76KVEG&apos;, ip: &apos;192.168.200.119&apos;, os.name: &apos;Windows 10&apos;, os.arch: &apos;amd64&apos;, os.version: &apos;10.0&apos;, java.version: &apos;1.8.0_301&apos;
Driver info: org.openqa.selenium.chrome.ChromeDriver
Capabilities [{mobileEmulationEnabled=false, timeouts={implicit=0, pageLoad=300000, script=30000}, hasTouchScreen=false, platform=XP, acceptSslCerts=false, goog:chromeOptions={debuggerAddress=localhost:57691}, webauthn:extension:credBlob=true, acceptInsecureCerts=false, webStorageEnabled=true, browserName=chrome, takesScreenshot=true, javascriptEnabled=true, setWindowRect=true, webauthn:extension:largeBlob=true, unexpectedAlertBehaviour=ignore, rotatable=false, networkConnectionEnabled=false, chrome={chromedriverVersion=110.0.5481.77 (65ed616c6e8ee3fe0ad64fe83796c020644d42af-refs/branch-heads/5481@{#839}), userDataDir=C:\Users\HPUSER~1\AppData\Local\Temp\scoped_dir17272_1957573002}, takesHeapSnapshot=true, pageLoadStrategy=normal, strictFileInteractability=false, databaseEnabled=false, handlesAlerts=true, version=111.0.5563.65, browserConnectionEnabled=false, proxy={}, nativeEvents=true, locationContextEnabled=true, cssSelectorsEnabled=true, webauthn:virtualAuthenticators=true}]
Session ID: 3c8a7bc542efeb4b136ec811f9ca1bfb
*** Element info: {Using=id, value=first-name}
	at org.openqa.selenium.remote.ErrorHandler.createThrowable(ErrorHandler.java:206)
	at org.openqa.selenium.remote.ErrorHandler.throwIfResponseFailed(ErrorHandler.java:158)
	at org.openqa.selenium.remote.RemoteWebDriver.execute(RemoteWebDriver.java:678)
	at org.openqa.selenium.remote.RemoteWebDriver.findElement(RemoteWebDriver.java:363)
	at org.openqa.selenium.remote.RemoteWebDriver.findElementById(RemoteWebDriver.java:413)
	at org.openqa.selenium.By$ById.findElement(By.java:218)
	at org.openqa.selenium.remote.RemoteWebDriver.findElement(RemoteWebDriver.java:355)
	at sauceDemoElementsNG.CheckOutElementStepOne.firstNameField(CheckOutElementStepOne.java:19)
	at sauceDemoTestNgTest.EndToEndTesting.testCheckOutStepOne(EndToEndTesting.java:92)
... Removed 28 stack frames
</div> <!-- stack-trace -->
                </div> <!-- method-content -->
              </div> <!-- method -->
              <div class="method">
                <div class="method-content">
                  <a name="testCheckOutStepTwo(https://www.saucedemo.com/checkout-complete.html)">
                  </a> <!-- testCheckOutStepTwo(https://www.saucedemo.com/checkout-complete.html) -->
                  <span class="method-name">testCheckOutStepTwo</span>
                  <span class="parameters">(https://www.saucedemo.com/checkout-complete.html)</span>
                  <div class="stack-trace">org.openqa.selenium.NoSuchWindowException: no such window: target window already closed
from unknown error: web view not found
  (Session info: chrome=111.0.5563.65)
  (Driver info: chromedriver=110.0.5481.77 (65ed616c6e8ee3fe0ad64fe83796c020644d42af-refs/branch-heads/5481@{#839}),platform=Windows NT 10.0.19044 x86_64) (WARNING: The server did not provide any stacktrace information)
Command duration or timeout: 47 milliseconds
Build info: version: &apos;2.53.0&apos;, revision: &apos;35ae25b&apos;, time: &apos;2016-03-15 17:00:58&apos;
System info: host: &apos;DESKTOP-U76KVEG&apos;, ip: &apos;192.168.200.119&apos;, os.name: &apos;Windows 10&apos;, os.arch: &apos;amd64&apos;, os.version: &apos;10.0&apos;, java.version: &apos;1.8.0_301&apos;
Driver info: org.openqa.selenium.chrome.ChromeDriver
Capabilities [{mobileEmulationEnabled=false, timeouts={implicit=0, pageLoad=300000, script=30000}, hasTouchScreen=false, platform=XP, acceptSslCerts=false, goog:chromeOptions={debuggerAddress=localhost:57670}, webauthn:extension:credBlob=true, acceptInsecureCerts=false, webStorageEnabled=true, browserName=chrome, takesScreenshot=true, javascriptEnabled=true, setWindowRect=true, webauthn:extension:largeBlob=true, unexpectedAlertBehaviour=ignore, rotatable=false, networkConnectionEnabled=false, chrome={chromedriverVersion=110.0.5481.77 (65ed616c6e8ee3fe0ad64fe83796c020644d42af-refs/branch-heads/5481@{#839}), userDataDir=C:\Users\HPUSER~1\AppData\Local\Temp\scoped_dir5360_38845082}, takesHeapSnapshot=true, pageLoadStrategy=normal, strictFileInteractability=false, databaseEnabled=false, handlesAlerts=true, version=111.0.5563.65, browserConnectionEnabled=false, proxy={}, nativeEvents=true, locationContextEnabled=true, cssSelectorsEnabled=true, webauthn:virtualAuthenticators=true}]
Session ID: 36bbd99560b297eb5aaad7f119654bce
*** Element info: {Using=id, value=finish}
	at org.openqa.selenium.remote.ErrorHandler.createThrowable(ErrorHandler.java:206)
	at org.openqa.selenium.remote.ErrorHandler.throwIfResponseFailed(ErrorHandler.java:158)
	at org.openqa.selenium.remote.RemoteWebDriver.execute(RemoteWebDriver.java:678)
	at org.openqa.selenium.remote.RemoteWebDriver.findElement(RemoteWebDriver.java:363)
	at org.openqa.selenium.remote.RemoteWebDriver.findElementById(RemoteWebDriver.java:413)
	at org.openqa.selenium.By$ById.findElement(By.java:218)
	at org.openqa.selenium.remote.RemoteWebDriver.findElement(RemoteWebDriver.java:355)
	at sauceDemoElementsNG.CheckOutElementStepTwo.findfinishButton(CheckOutElementStepTwo.java:17)
	at sauceDemoTestNgTest.EndToEndTesting.testCheckOutStepTwo(EndToEndTesting.java:107)
... Removed 28 stack frames
</div> <!-- stack-trace -->
                </div> <!-- method-content -->
              </div> <!-- method -->
              <div class="method">
                <div class="method-content">
                  <a name="testCheckOutStepTwo(https://www.saucedemo.com/checkout-complete.html)">
                  </a> <!-- testCheckOutStepTwo(https://www.saucedemo.com/checkout-complete.html) -->
                  <span class="method-name">testCheckOutStepTwo</span>
                  <span class="parameters">(https://www.saucedemo.com/checkout-complete.html)</span>
                  <div class="stack-trace">org.openqa.selenium.NoSuchWindowException: no such window: target window already closed
from unknown error: web view not found
  (Session info: chrome=111.0.5563.65)
  (Driver info: chromedriver=110.0.5481.77 (65ed616c6e8ee3fe0ad64fe83796c020644d42af-refs/branch-heads/5481@{#839}),platform=Windows NT 10.0.19044 x86_64) (WARNING: The server did not provide any stacktrace information)
Command duration or timeout: 16 milliseconds
Build info: version: &apos;2.53.0&apos;, revision: &apos;35ae25b&apos;, time: &apos;2016-03-15 17:00:58&apos;
System info: host: &apos;DESKTOP-U76KVEG&apos;, ip: &apos;192.168.200.119&apos;, os.name: &apos;Windows 10&apos;, os.arch: &apos;amd64&apos;, os.version: &apos;10.0&apos;, java.version: &apos;1.8.0_301&apos;
Driver info: org.openqa.selenium.chrome.ChromeDriver
Capabilities [{mobileEmulationEnabled=false, timeouts={implicit=0, pageLoad=300000, script=30000}, hasTouchScreen=false, platform=XP, acceptSslCerts=false, goog:chromeOptions={debuggerAddress=localhost:57691}, webauthn:extension:credBlob=true, acceptInsecureCerts=false, webStorageEnabled=true, browserName=chrome, takesScreenshot=true, javascriptEnabled=true, setWindowRect=true, webauthn:extension:largeBlob=true, unexpectedAlertBehaviour=ignore, rotatable=false, networkConnectionEnabled=false, chrome={chromedriverVersion=110.0.5481.77 (65ed616c6e8ee3fe0ad64fe83796c020644d42af-refs/branch-heads/5481@{#839}), userDataDir=C:\Users\HPUSER~1\AppData\Local\Temp\scoped_dir17272_1957573002}, takesHeapSnapshot=true, pageLoadStrategy=normal, strictFileInteractability=false, databaseEnabled=false, handlesAlerts=true, version=111.0.5563.65, browserConnectionEnabled=false, proxy={}, nativeEvents=true, locationContextEnabled=true, cssSelectorsEnabled=true, webauthn:virtualAuthenticators=true}]
Session ID: 3c8a7bc542efeb4b136ec811f9ca1bfb
*** Element info: {Using=id, value=finish}
	at org.openqa.selenium.remote.ErrorHandler.createThrowable(ErrorHandler.java:206)
	at org.openqa.selenium.remote.ErrorHandler.throwIfResponseFailed(ErrorHandler.java:158)
	at org.openqa.selenium.remote.RemoteWebDriver.execute(RemoteWebDriver.java:678)
	at org.openqa.selenium.remote.RemoteWebDriver.findElement(RemoteWebDriver.java:363)
	at org.openqa.selenium.remote.RemoteWebDriver.findElementById(RemoteWebDriver.java:413)
	at org.openqa.selenium.By$ById.findElement(By.java:218)
	at org.openqa.selenium.remote.RemoteWebDriver.findElement(RemoteWebDriver.java:355)
	at sauceDemoElementsNG.CheckOutElementStepTwo.findfinishButton(CheckOutElementStepTwo.java:17)
	at sauceDemoTestNgTest.EndToEndTesting.testCheckOutStepTwo(EndToEndTesting.java:107)
... Removed 28 stack frames
</div> <!-- stack-trace -->
                </div> <!-- method-content -->
              </div> <!-- method -->
              <div class="method">
                <div class="method-content">
                  <a name="testInventory(Sauce Labs Backpack)">
                  </a> <!-- testInventory(Sauce Labs Backpack) -->
                  <span class="method-name">testInventory</span>
                  <span class="parameters">(Sauce Labs Backpack)</span>
                  <div class="stack-trace">org.openqa.selenium.NoSuchWindowException: no such window: target window already closed
from unknown error: web view not found
  (Session info: chrome=111.0.5563.65)
  (Driver info: chromedriver=110.0.5481.77 (65ed616c6e8ee3fe0ad64fe83796c020644d42af-refs/branch-heads/5481@{#839}),platform=Windows NT 10.0.19044 x86_64) (WARNING: The server did not provide any stacktrace information)
Command duration or timeout: 16 milliseconds
Build info: version: &apos;2.53.0&apos;, revision: &apos;35ae25b&apos;, time: &apos;2016-03-15 17:00:58&apos;
System info: host: &apos;DESKTOP-U76KVEG&apos;, ip: &apos;192.168.200.119&apos;, os.name: &apos;Windows 10&apos;, os.arch: &apos;amd64&apos;, os.version: &apos;10.0&apos;, java.version: &apos;1.8.0_301&apos;
Driver info: org.openqa.selenium.chrome.ChromeDriver
Capabilities [{mobileEmulationEnabled=false, timeouts={implicit=0, pageLoad=300000, script=30000}, hasTouchScreen=false, platform=XP, acceptSslCerts=false, goog:chromeOptions={debuggerAddress=localhost:57691}, webauthn:extension:credBlob=true, acceptInsecureCerts=false, webStorageEnabled=true, browserName=chrome, takesScreenshot=true, javascriptEnabled=true, setWindowRect=true, webauthn:extension:largeBlob=true, unexpectedAlertBehaviour=ignore, rotatable=false, networkConnectionEnabled=false, chrome={chromedriverVersion=110.0.5481.77 (65ed616c6e8ee3fe0ad64fe83796c020644d42af-refs/branch-heads/5481@{#839}), userDataDir=C:\Users\HPUSER~1\AppData\Local\Temp\scoped_dir17272_1957573002}, takesHeapSnapshot=true, pageLoadStrategy=normal, strictFileInteractability=false, databaseEnabled=false, handlesAlerts=true, version=111.0.5563.65, browserConnectionEnabled=false, proxy={}, nativeEvents=true, locationContextEnabled=true, cssSelectorsEnabled=true, webauthn:virtualAuthenticators=true}]
Session ID: 3c8a7bc542efeb4b136ec811f9ca1bfb
*** Element info: {Using=id, value=add-to-cart-sauce-labs-backpack}
	at org.openqa.selenium.remote.ErrorHandler.createThrowable(ErrorHandler.java:206)
	at org.openqa.selenium.remote.ErrorHandler.throwIfResponseFailed(ErrorHandler.java:158)
	at org.openqa.selenium.remote.RemoteWebDriver.execute(RemoteWebDriver.java:678)
	at org.openqa.selenium.remote.RemoteWebDriver.findElement(RemoteWebDriver.java:363)
	at org.openqa.selenium.remote.RemoteWebDriver.findElementById(RemoteWebDriver.java:413)
	at org.openqa.selenium.By$ById.findElement(By.java:218)
	at org.openqa.selenium.remote.RemoteWebDriver.findElement(RemoteWebDriver.java:355)
	at sauceDemoElementsNG.InventoryPageElements.findAddtoCart(InventoryPageElements.java:15)
	at sauceDemoTestNgTest.EndToEndTesting.testInventory(EndToEndTesting.java:60)
... Removed 28 stack frames
</div> <!-- stack-trace -->
                </div> <!-- method-content -->
              </div> <!-- method -->
              <div class="method">
                <div class="method-content">
                  <a name="testLogin(problem_user, secret_sauce, https://www.saucedemo.com/inventory.html)">
                  </a> <!-- testLogin(problem_user, secret_sauce, https://www.saucedemo.com/inventory.html) -->
                  <span class="method-name">testLogin</span>
                  <span class="parameters">(problem_user, secret_sauce, https://www.saucedemo.com/inventory.html)</span>
                  <div class="stack-trace">org.openqa.selenium.NoSuchWindowException: no such window: target window already closed
from unknown error: web view not found
  (Session info: chrome=111.0.5563.65)
  (Driver info: chromedriver=110.0.5481.77 (65ed616c6e8ee3fe0ad64fe83796c020644d42af-refs/branch-heads/5481@{#839}),platform=Windows NT 10.0.19044 x86_64) (WARNING: The server did not provide any stacktrace information)
Command duration or timeout: 31 milliseconds
Build info: version: &apos;2.53.0&apos;, revision: &apos;35ae25b&apos;, time: &apos;2016-03-15 17:00:58&apos;
System info: host: &apos;DESKTOP-U76KVEG&apos;, ip: &apos;192.168.200.119&apos;, os.name: &apos;Windows 10&apos;, os.arch: &apos;amd64&apos;, os.version: &apos;10.0&apos;, java.version: &apos;1.8.0_301&apos;
Driver info: org.openqa.selenium.chrome.ChromeDriver
Capabilities [{mobileEmulationEnabled=false, timeouts={implicit=0, pageLoad=300000, script=30000}, hasTouchScreen=false, platform=XP, acceptSslCerts=false, goog:chromeOptions={debuggerAddress=localhost:57691}, webauthn:extension:credBlob=true, acceptInsecureCerts=false, webStorageEnabled=true, browserName=chrome, takesScreenshot=true, javascriptEnabled=true, setWindowRect=true, webauthn:extension:largeBlob=true, unexpectedAlertBehaviour=ignore, rotatable=false, networkConnectionEnabled=false, chrome={chromedriverVersion=110.0.5481.77 (65ed616c6e8ee3fe0ad64fe83796c020644d42af-refs/branch-heads/5481@{#839}), userDataDir=C:\Users\HPUSER~1\AppData\Local\Temp\scoped_dir17272_1957573002}, takesHeapSnapshot=true, pageLoadStrategy=normal, strictFileInteractability=false, databaseEnabled=false, handlesAlerts=true, version=111.0.5563.65, browserConnectionEnabled=false, proxy={}, nativeEvents=true, locationContextEnabled=true, cssSelectorsEnabled=true, webauthn:virtualAuthenticators=true}]
Session ID: 3c8a7bc542efeb4b136ec811f9ca1bfb
*** Element info: {Using=id, value=password}
	at org.openqa.selenium.remote.ErrorHandler.createThrowable(ErrorHandler.java:206)
	at org.openqa.selenium.remote.ErrorHandler.throwIfResponseFailed(ErrorHandler.java:158)
	at org.openqa.selenium.remote.RemoteWebDriver.execute(RemoteWebDriver.java:678)
	at org.openqa.selenium.remote.RemoteWebDriver.findElement(RemoteWebDriver.java:363)
	at org.openqa.selenium.remote.RemoteWebDriver.findElementById(RemoteWebDriver.java:413)
	at org.openqa.selenium.By$ById.findElement(By.java:218)
	at org.openqa.selenium.remote.RemoteWebDriver.findElement(RemoteWebDriver.java:355)
	at sauceDemoElementsNG.NgLoginElementSauceDemo.findPassword(NgLoginElementSauceDemo.java:22)
	at sauceDemoTestNgTest.EndToEndTesting.testLogin(EndToEndTesting.java:42)
... Removed 28 stack frames
</div> <!-- stack-trace -->
                </div> <!-- method-content -->
              </div> <!-- method -->
            </div> <!-- main-panel-content rounded-window-bottom -->
          </div> <!-- suite-EndToEndTestingWithXmlDataDriven-class-failed -->
          <div class="suite-EndToEndTestingWithXmlDataDriven-class-passed">
            <div class="main-panel-header rounded-window-top">
              <img src="passed.png"/>
              <span class="class-name">sauceDemoTestNgTest.EndToEndTesting</span>
            </div> <!-- main-panel-header rounded-window-top -->
            <div class="main-panel-content rounded-window-bottom">
              <div class="method">
                <div class="method-content">
                  <a name="testCartPage(https://www.saucedemo.com/checkout-step-one.html)">
                  </a> <!-- testCartPage(https://www.saucedemo.com/checkout-step-one.html) -->
                  <span class="method-name">testCartPage</span>
                  <span class="parameters">(https://www.saucedemo.com/checkout-step-one.html)</span>
                </div> <!-- method-content -->
              </div> <!-- method -->
              <div class="method">
                <div class="method-content">
                  <a name="testInventory(Sauce Labs Backpack)">
                  </a> <!-- testInventory(Sauce Labs Backpack) -->
                  <span class="method-name">testInventory</span>
                  <span class="parameters">(Sauce Labs Backpack)</span>
                </div> <!-- method-content -->
              </div> <!-- method -->
              <div class="method">
                <div class="method-content">
                  <a name="testLogin(standard_user, secret_sauce, https://www.saucedemo.com/inventory.html)">
                  </a> <!-- testLogin(standard_user, secret_sauce, https://www.saucedemo.com/inventory.html) -->
                  <span class="method-name">testLogin</span>
                  <span class="parameters">(standard_user, secret_sauce, https://www.saucedemo.com/inventory.html)</span>
                </div> <!-- method-content -->
              </div> <!-- method -->
            </div> <!-- main-panel-content rounded-window-bottom -->
          </div> <!-- suite-EndToEndTestingWithXmlDataDriven-class-passed -->
        </div> <!-- panel EndToEndTestingWithXmlDataDriven -->
        <div panel-name="test-xml-EndToEndTestingWithXmlDataDriven" class="panel">
          <div class="main-panel-header rounded-window-top">
            <span class="header-content">C:\Users\HP USER\Desktop\javaWorkspace\endToEndXml\src\EndtoEnd.xml</span>
          </div> <!-- main-panel-header rounded-window-top -->
          <div class="main-panel-content rounded-window-bottom">
            <pre>
&lt;?xml version=&quot;1.0&quot; encoding=&quot;UTF-8&quot;?&gt;
&lt;!DOCTYPE suite SYSTEM &quot;http://testng.org/testng-1.0.dtd&quot;&gt;
&lt;suite name=&quot;EndToEndTestingWithXmlDataDriven&quot;&gt;
  &lt;test name=&quot;EndToEndTestingStandardUser&quot;&gt;
    &lt;parameter name=&quot;zip&quot; value=&quot;22204&quot;/&gt;
    &lt;parameter name=&quot;firstName&quot; value=&quot;Faisal&quot;/&gt;
    &lt;parameter name=&quot;lastName&quot; value=&quot;Islam&quot;/&gt;
    &lt;parameter name=&quot;password&quot; value=&quot;secret_sauce&quot;/&gt;
    &lt;parameter name=&quot;desiredUrlTwo&quot; value=&quot;https://www.saucedemo.com/checkout-step-two.html&quot;/&gt;
    &lt;parameter name=&quot;desiredUrlOne&quot; value=&quot;https://www.saucedemo.com/checkout-step-one.html&quot;/&gt;
    &lt;parameter name=&quot;userName&quot; value=&quot;standard_user&quot;/&gt;
    &lt;parameter name=&quot;expectedProd&quot; value=&quot;Sauce Labs Backpack&quot;/&gt;
    &lt;parameter name=&quot;desiredUrlFinal&quot; value=&quot;https://www.saucedemo.com/checkout-complete.html&quot;/&gt;
    &lt;parameter name=&quot;desiredUrl&quot; value=&quot;https://www.saucedemo.com/inventory.html&quot;/&gt;
    &lt;classes&gt;
      &lt;class name=&quot;sauceDemoTestNgTest.EndToEndTesting&quot;/&gt;
    &lt;/classes&gt;
  &lt;/test&gt; &lt;!-- EndToEndTestingStandardUser --&gt;
  &lt;test name=&quot;EndToEndTestingProblemUser&quot;&gt;
    &lt;parameter name=&quot;zip&quot; value=&quot;22204&quot;/&gt;
    &lt;parameter name=&quot;firstName&quot; value=&quot;Faisal&quot;/&gt;
    &lt;parameter name=&quot;lastName&quot; value=&quot;Islam&quot;/&gt;
    &lt;parameter name=&quot;password&quot; value=&quot;secret_sauce&quot;/&gt;
    &lt;parameter name=&quot;desiredUrlTwo&quot; value=&quot;https://www.saucedemo.com/checkout-step-two.html&quot;/&gt;
    &lt;parameter name=&quot;desiredUrlOne&quot; value=&quot;https://www.saucedemo.com/checkout-step-one.html&quot;/&gt;
    &lt;parameter name=&quot;userName&quot; value=&quot;problem_user&quot;/&gt;
    &lt;parameter name=&quot;expectedProd&quot; value=&quot;Sauce Labs Backpack&quot;/&gt;
    &lt;parameter name=&quot;desiredUrlFinal&quot; value=&quot;https://www.saucedemo.com/checkout-complete.html&quot;/&gt;
    &lt;parameter name=&quot;desiredUrl&quot; value=&quot;https://www.saucedemo.com/inventory.html&quot;/&gt;
    &lt;classes&gt;
      &lt;class name=&quot;sauceDemoTestNgTest.EndToEndTesting&quot;/&gt;
    &lt;/classes&gt;
  &lt;/test&gt; &lt;!-- EndToEndTestingProblemUser --&gt;
&lt;/suite&gt; &lt;!-- EndToEndTestingWithXmlDataDriven --&gt;
            </pre>
          </div> <!-- main-panel-content rounded-window-bottom -->
        </div> <!-- panel -->
        <div panel-name="testlist-EndToEndTestingWithXmlDataDriven" class="panel">
          <div class="main-panel-header rounded-window-top">
            <span class="header-content">Tests for EndToEndTestingWithXmlDataDriven</span>
          </div> <!-- main-panel-header rounded-window-top -->
          <div class="main-panel-content rounded-window-bottom">
            <ul>
              <li>
                <span class="test-name">EndToEndTestingStandardUser (1 class)</span>
              </li>
              <li>
                <span class="test-name">EndToEndTestingProblemUser (1 class)</span>
              </li>
            </ul>
          </div> <!-- main-panel-content rounded-window-bottom -->
        </div> <!-- panel -->
        <div panel-name="group-EndToEndTestingWithXmlDataDriven" class="panel">
          <div class="main-panel-header rounded-window-top">
            <span class="header-content">Groups for EndToEndTestingWithXmlDataDriven</span>
          </div> <!-- main-panel-header rounded-window-top -->
          <div class="main-panel-content rounded-window-bottom">
          </div> <!-- main-panel-content rounded-window-bottom -->
        </div> <!-- panel -->
        <div panel-name="times-EndToEndTestingWithXmlDataDriven" class="panel">
          <div class="main-panel-header rounded-window-top">
            <span class="header-content">Times for EndToEndTestingWithXmlDataDriven</span>
          </div> <!-- main-panel-header rounded-window-top -->
          <div class="main-panel-content rounded-window-bottom">
            <div class="times-div">
              <script type="text/javascript">
suiteTableInitFunctions.push('tableData_EndToEndTestingWithXmlDataDriven');
function tableData_EndToEndTestingWithXmlDataDriven() {
var data = new google.visualization.DataTable();
data.addColumn('number', 'Number');
data.addColumn('string', 'Method');
data.addColumn('string', 'Class');
data.addColumn('number', 'Time (ms)');
data.addRows(10);
data.setCell(0, 0, 0)
data.setCell(0, 1, 'testLogin')
data.setCell(0, 2, 'sauceDemoTestNgTest.EndToEndTesting')
data.setCell(0, 3, 503);
data.setCell(1, 0, 1)
data.setCell(1, 1, 'testCheckOutStepOne')
data.setCell(1, 2, 'sauceDemoTestNgTest.EndToEndTesting')
data.setCell(1, 3, 334);
data.setCell(2, 0, 2)
data.setCell(2, 1, 'testInventory')
data.setCell(2, 2, 'sauceDemoTestNgTest.EndToEndTesting')
data.setCell(2, 3, 283);
data.setCell(3, 0, 3)
data.setCell(3, 1, 'testLogin')
data.setCell(3, 2, 'sauceDemoTestNgTest.EndToEndTesting')
data.setCell(3, 3, 125);
data.setCell(4, 0, 4)
data.setCell(4, 1, 'testCartPage')
data.setCell(4, 2, 'sauceDemoTestNgTest.EndToEndTesting')
data.setCell(4, 3, 85);
data.setCell(5, 0, 5)
data.setCell(5, 1, 'testCheckOutStepTwo')
data.setCell(5, 2, 'sauceDemoTestNgTest.EndToEndTesting')
data.setCell(5, 3, 47);
data.setCell(6, 0, 6)
data.setCell(6, 1, 'testCheckOutStepOne')
data.setCell(6, 2, 'sauceDemoTestNgTest.EndToEndTesting')
data.setCell(6, 3, 31);
data.setCell(7, 0, 7)
data.setCell(7, 1, 'testInventory')
data.setCell(7, 2, 'sauceDemoTestNgTest.EndToEndTesting')
data.setCell(7, 3, 16);
data.setCell(8, 0, 8)
data.setCell(8, 1, 'testCheckOutStepTwo')
data.setCell(8, 2, 'sauceDemoTestNgTest.EndToEndTesting')
data.setCell(8, 3, 16);
data.setCell(9, 0, 9)
data.setCell(9, 1, 'testCartPage')
data.setCell(9, 2, 'sauceDemoTestNgTest.EndToEndTesting')
data.setCell(9, 3, 16);
window.suiteTableData['EndToEndTestingWithXmlDataDriven']= { tableData: data, tableDiv: 'times-div-EndToEndTestingWithXmlDataDriven'}
return data;
}
              </script>
              <span class="suite-total-time">Total running time: 1 seconds</span>
              <div id="times-div-EndToEndTestingWithXmlDataDriven">
              </div> <!-- times-div-EndToEndTestingWithXmlDataDriven -->
            </div> <!-- times-div -->
          </div> <!-- main-panel-content rounded-window-bottom -->
        </div> <!-- panel -->
        <div panel-name="reporter-EndToEndTestingWithXmlDataDriven" class="panel">
          <div class="main-panel-header rounded-window-top">
            <span class="header-content">Reporter output for EndToEndTestingWithXmlDataDriven</span>
          </div> <!-- main-panel-header rounded-window-top -->
          <div class="main-panel-content rounded-window-bottom">
            <div class="reporter-method-div">
              <span class="reporter-method-name">testInventory(Sauce Labs Backpack)</span>
              <div class="reporter-method-output-div">
                <span class="reporter-method-output">adding to cart, navigate to cartpage and check if product is added to the cart</span>
              </div> <!-- reporter-method-output-div -->
            </div> <!-- reporter-method-div -->
            <div class="reporter-method-div">
              <span class="reporter-method-name">testLogin(standard_user, secret_sauce, https://www.saucedemo.com/inventory.html)</span>
              <div class="reporter-method-output-div">
                <span class="reporter-method-output">Login Test</span>
              </div> <!-- reporter-method-output-div -->
            </div> <!-- reporter-method-div -->
            <div class="reporter-method-div">
              <span class="reporter-method-name">testCartPage(https://www.saucedemo.com/checkout-step-one.html)</span>
              <div class="reporter-method-output-div">
                <span class="reporter-method-output">testing the cartpage element</span>
              </div> <!-- reporter-method-output-div -->
            </div> <!-- reporter-method-div -->
          </div> <!-- main-panel-content rounded-window-bottom -->
        </div> <!-- panel -->
        <div panel-name="ignored-methods-EndToEndTestingWithXmlDataDriven" class="panel">
          <div class="main-panel-header rounded-window-top">
            <span class="header-content">0 ignored methods</span>
          </div> <!-- main-panel-header rounded-window-top -->
          <div class="main-panel-content rounded-window-bottom">
          </div> <!-- main-panel-content rounded-window-bottom -->
        </div> <!-- panel -->
        <div panel-name="chronological-EndToEndTestingWithXmlDataDriven" class="panel">
          <div class="main-panel-header rounded-window-top">
            <span class="header-content">Methods in chronological order</span>
          </div> <!-- main-panel-header rounded-window-top -->
          <div class="main-panel-content rounded-window-bottom">
            <div class="chronological-class">
              <div class="chronological-class-name">sauceDemoTestNgTest.EndToEndTesting</div> <!-- chronological-class-name -->
              <div class="configuration-test before">
                <span class="method-name">preTest</span>
                <span class="method-start">0 ms</span>
              </div> <!-- configuration-test before -->
              <div class="test-method">
                <span class="method-name">testLogin(standard_user, secret_sauce, https://www.saucedemo.com/inventory.html)</span>
                <span class="method-start">3219 ms</span>
              </div> <!-- test-method -->
              <div class="test-method">
                <span class="method-name">testInventory(Sauce Labs Backpack)</span>
                <span class="method-start">3738 ms</span>
              </div> <!-- test-method -->
              <div class="test-method">
                <span class="method-name">testCartPage(https://www.saucedemo.com/checkout-step-one.html)</span>
                <span class="method-start">4023 ms</span>
              </div> <!-- test-method -->
              <div class="test-method">
                <img src="failed.png">
                </img>
                <span class="method-name">testCheckOutStepOne(Faisal, Islam, 22204, https://www.saucedemo.com/checkout-step-two.html)</span>
                <span class="method-start">4108 ms</span>
              </div> <!-- test-method -->
              <div class="test-method">
                <img src="failed.png">
                </img>
                <span class="method-name">testCheckOutStepTwo(https://www.saucedemo.com/checkout-complete.html)</span>
                <span class="method-start">4462 ms</span>
              </div> <!-- test-method -->
              <div class="configuration-test after">
                <span class="method-name">postTest</span>
                <span class="method-start">4509 ms</span>
              </div> <!-- configuration-test after -->
              <div class="configuration-test before">
                <span class="method-name">preTest</span>
                <span class="method-start">4603 ms</span>
              </div> <!-- configuration-test before -->
              <div class="test-method">
                <img src="failed.png">
                </img>
                <span class="method-name">testLogin(problem_user, secret_sauce, https://www.saucedemo.com/inventory.html)</span>
                <span class="method-start">6740 ms</span>
              </div> <!-- test-method -->
              <div class="test-method">
                <img src="failed.png">
                </img>
                <span class="method-name">testInventory(Sauce Labs Backpack)</span>
                <span class="method-start">6865 ms</span>
              </div> <!-- test-method -->
              <div class="test-method">
                <img src="failed.png">
                </img>
                <span class="method-name">testCartPage(https://www.saucedemo.com/checkout-step-one.html)</span>
                <span class="method-start">6896 ms</span>
              </div> <!-- test-method -->
              <div class="test-method">
                <img src="failed.png">
                </img>
                <span class="method-name">testCheckOutStepOne(Faisal, Islam, 22204, https://www.saucedemo.com/checkout-step-two.html)</span>
                <span class="method-start">6912 ms</span>
              </div> <!-- test-method -->
              <div class="test-method">
                <img src="failed.png">
                </img>
                <span class="method-name">testCheckOutStepTwo(https://www.saucedemo.com/checkout-complete.html)</span>
                <span class="method-start">6943 ms</span>
              </div> <!-- test-method -->
              <div class="configuration-test after">
                <span class="method-name">postTest</span>
                <span class="method-start">6959 ms</span>
              </div> <!-- configuration-test after -->
          </div> <!-- main-panel-content rounded-window-bottom -->
        </div> <!-- panel -->
      </div> <!-- main-panel-root -->
    </div> <!-- wrapper -->
  </body>
</html>
